<?xml version="1.0" encoding="UTF-8"?>
<!-- Generated by org.testng.reporters.JUnitReportReporter -->
<testsuite hostname="LAPTOP-Q8L6MLBC" failures="0" tests="1" name="OrangeHR.OrangeHRMEmployeeSearchTest" time="60.064" errors="0" timestamp="2025-07-16T00:14:48 IST" skipped="0">
  <testcase classname="OrangeHR.OrangeHRMEmployeeSearchTest" name="searchEmployeesFromExcel" time="60.064"/>
</testsuite> <!-- OrangeHR.OrangeHRMEmployeeSearchTest -->
