<?xml version="1.0" encoding="UTF-8"?>
<!-- Generated by org.testng.reporters.JUnitReportReporter -->
<testsuite hostname="LAPTOP-Q8L6MLBC" failures="0" tests="5" name="tests.OrangeHRMTests" time="13.080" errors="0" timestamp="2025-07-16T23:28:06 IST" skipped="0">
  <testcase classname="tests.OrangeHRMTests" name="testLogin" time="3.031"/>
  <testcase classname="tests.OrangeHRMTests" name="testSidebarOptionsCount" time="2.807"/>
  <testcase classname="tests.OrangeHRMTests" name="testSearchByUsername" time="2.117"/>
  <testcase classname="tests.OrangeHRMTests" name="testSearchByUserRole" time="2.754"/>
  <testcase classname="tests.OrangeHRMTests" name="testSearchByStatus" time="2.371"/>
</testsuite> <!-- tests.OrangeHRMTests -->
