<?xml version="1.0" encoding="UTF-8"?>
<!-- Generated by org.testng.reporters.JUnitReportReporter -->
<testsuite hostname="LAPTOP-Q8L6MLBC" failures="0" tests="3" name="tests.LoginTest" time="17.261" errors="0" timestamp="2025-07-27T22:02:45 IST" skipped="0">
  <testcase classname="tests.LoginTest" name="testValidLogin" time="5.682"/>
  <testcase classname="tests.LoginTest" name="testInvalidLogin" time="5.758"/>
  <testcase classname="tests.LoginTest" name="testEmptyLogin" time="5.821"/>
</testsuite> <!-- tests.LoginTest -->
