<?xml version="1.0" encoding="UTF-8"?>
<!-- Generated by org.testng.reporters.JUnitReportReporter -->
<testsuite hostname="LAPTOP-Q8L6MLBC" failures="0" tests="6" name="OrangeHR.OrangeHRMLoginTest" time="112.320" errors="0" timestamp="2025-07-14T21:56:18 IST" skipped="0">
  <testcase classname="OrangeHR.OrangeHRMLoginTest" name="loginTest" time="30.080"/>
  <testcase classname="OrangeHR.OrangeHRMLoginTest" name="loginTest" time="22.439"/>
  <testcase classname="OrangeHR.OrangeHRMLoginTest" name="checkFileExists" time="4.550"/>
  <testcase classname="OrangeHR.OrangeHRMLoginTest" name="loginTest" time="23.476"/>
  <testcase classname="OrangeHR.OrangeHRMLoginTest" name="loginTest" time="9.109"/>
  <testcase classname="OrangeHR.OrangeHRMLoginTest" name="loginTest" time="22.666"/>
</testsuite> <!-- OrangeHR.OrangeHRMLoginTest -->
