<?xml version="1.0" encoding="UTF-8"?>
<!-- Generated by org.testng.reporters.JUnitReportReporter -->
<testsuite hostname="LAPTOP-Q8L6MLBC" failures="0" tests="3" name="amazontest12.AmazonTest1" time="57.585" errors="0" timestamp="2025-07-10T17:56:15 IST" skipped="0">
  <testcase classname="amazontest12.AmazonTest1" name="testAmazon" time="20.787"/>
  <testcase classname="amazontest12.AmazonTest1" name="testAmazon" time="20.607"/>
  <testcase classname="amazontest12.AmazonTest1" name="testAmazon" time="16.191"/>
</testsuite> <!-- amazontest12.AmazonTest1 -->
